<?xml version="1.0" encoding="UTF-8"?>
<testsuite xmlns:xsi="http://www.w3.org/2001/XMLSchema-instance" xsi:noNamespaceSchemaLocation="https://maven.apache.org/surefire/maven-surefire-plugin/xsd/surefire-test-report.xsd" name="com.mycompany.md4server.GameTest" time="0.23" tests="4" errors="0" skipped="0" failures="0">
  <properties>
[...]
</properties>
  <testcase name="IsGameWon_CorrectResponseGuessed_True" classname="com.mycompany.md4server.GameTest" time="0.209"/>
  <testcase name="IsGameWon_NoResponsesEntered_False" classname="com.mycompany.md4server.GameTest" time="0"/>
  <testcase name="GetPlayerResponse_AllHaveResponded_True" classname="com.mycompany.md4server.GameTest" time="0"/>
  <testcase name="ProcessPlayerResponses_PlayerOneHasRespondedWithLessNumber_True" classname="com.mycompany.md4server.GameTest" time="0"/>
</testsuite>